Arguments: 
  C:\Program Files\nodejs\node.exe C:\Users\dev_01\AppData\Roaming\npm\node_modules\yarn\bin\yarn.js

PATH: 
  E:\anaconda;E:\anaconda\Library\mingw-w64\bin;E:\anaconda\Library\usr\bin;E:\anaconda\Library\bin;E:\anaconda\Scripts;\;C:\Windows\system32;C:\Windows;C:\Windows\System32\Wbem;C:\Windows\System32\WindowsPowerShell\v1.0\;C:\Windows\System32\OpenSSH\;C:\Program Files\Git\cmd;C:\geth;C:\ProgramData\chocolatey\bin;C:\git\Git\cmd;C:\Program Files\nodejs\;C:\Program Files\Geth;C:\Program Files (x86)\NVIDIA Corporation\PhysX\Common;C:\Program Files\NVIDIA Corporation\NVIDIA NvDLISR;C:\Program Files\Python39\Scripts\;C:\Program Files (x86)\Common Files\Oracle\Java\javapath;C:\Program Files\Python39\;C:\gnu-tools\bin;C:\Users\dev_01\\AppData\Local\Yarn\bin;C:\Program Files\Go\bin;C:\Program Files\Microsoft VS Code\bin;C:\Users\dev_01\blockchain_sources\src\web3js_examples\node_modules\.bin\nodemon;C:\Program Files\Docker\Docker\resources\bin;C:\ProgramData\DockerDesktop\version-bin;C:\Program Files (x86)\dotnet\;C:\Program Files\IPFS Desktop\resources\app.asar.unpacked\src\ipfs-on-path\scripts\bin-win;C:\Users\dev_01\AppData\Roaming\npm;C:\Program Files\heroku\bin

Yarn version: 
  1.22.11

Node version: 
  14.17.4

Platform: 
  win32 x64

Trace: 
  SyntaxError: E:\dev\NFT-marketplace\backend\package.json: Unexpected token / in JSON at position 123
      at JSON.parse (<anonymous>)
      at C:\Users\dev_01\AppData\Roaming\npm\node_modules\yarn\lib\cli.js:1625:59
      at Generator.next (<anonymous>)
      at step (C:\Users\dev_01\AppData\Roaming\npm\node_modules\yarn\lib\cli.js:310:30)
      at C:\Users\dev_01\AppData\Roaming\npm\node_modules\yarn\lib\cli.js:321:13

npm manifest: 
  {
      "name": "basic-mern-app",
      "version": "1.0.0",
      "description": "A Basic MERN Stack App just for practice",
      // "engines": {
      //     "node": "8.12.0"
      // },
      "main": "app.js",
      "scripts": {
          "start": "nodemon -e js --exec \"node app.js\"",
          "heroku-postbuild": "cd client && yarn install && yarn build",
          "client": "cd client && yarn start",
          "server": "nodemon app.js"
      },
      "author": "Hemakshi Sachdev",
      "license": "ISC",
      "dependencies": {
          "async": "^3.2.0",
          "bcryptjs": "^2.4.3",
          "body-parser": "^1.18.2",
          "csv-parser": "^3.0.0",
          "csv-writer": "^1.6.0",
          "directory-tree": "^2.2.9",
          "dotenv": "^6.1.0",
          "ejs": "^3.1.6",
          "express": "^4.16.3",
          "formidable": "^1.2.2",
          "fs-extra": "^10.0.0",
          "ftp": "^0.3.10",
          "ftp-client": "^0.2.2",
          "image-to-base64": "^2.2.0",
          "json2csv": "^5.0.6",
          "jsonwebtoken": "^8.3.0",
          "mongoose": "^5.7.5",
          "request": "^2.88.2",
          "rimraf": "^3.0.2"
      },
      "devDependencies": {
          "nodemon": "^1.19.4"
      }
  }

yarn manifest: 
  No manifest

Lockfile: 
  No lockfile
